SF:./app/controllers/concerns/auth_helper.rb
DA:1,1
DA:2,1
DA:3,0
DA:6,1
DA:7,0
DA:10,1
DA:11,0
DA:14,1
DA:15,0
DA:18,1
DA:19,0
DA:21,0
end_of_record
SF:./app/models/admin.rb
DA:1,1
end_of_record
SF:./app/models/application_record.rb
DA:1,1
DA:2,1
end_of_record
SF:./app/models/user.rb
DA:1,1
DA:2,1
DA:3,1
DA:4,1
DA:6,1
DA:7,1
DA:8,1
DA:9,1
end_of_record
SF:./config/environment.rb
DA:2,1
DA:5,1
end_of_record
SF:./config/environments/test.rb
DA:1,1
DA:8,1
DA:11,1
DA:16,1
DA:19,1
DA:20,1
DA:25,1
DA:26,1
DA:27,1
DA:30,1
DA:33,1
DA:36,1
DA:38,1
DA:43,1
DA:46,1
DA:49,1
DA:52,1
end_of_record
SF:./config/initializers/active_model_serializer.rb
DA:1,1
end_of_record
SF:./config/initializers/application_controller_renderer.rb

end_of_record
SF:./config/initializers/assets.rb
DA:4,1
DA:9,1
end_of_record
SF:./config/initializers/backtrace_silencers.rb
DA:8,1
end_of_record
SF:./config/initializers/content_security_policy.rb

end_of_record
SF:./config/initializers/cookies_serializer.rb
DA:5,1
end_of_record
SF:./config/initializers/filter_parameter_logging.rb
DA:4,1
end_of_record
SF:./config/initializers/inflections.rb

end_of_record
SF:./config/initializers/mime_types.rb

end_of_record
SF:./config/initializers/permissions_policy.rb

end_of_record
SF:./config/initializers/wrap_parameters.rb
DA:7,1
DA:8,0
end_of_record
SF:./config/routes.rb
DA:1,1
DA:2,1
DA:4,1
DA:5,1
DA:6,1
DA:7,1
DA:10,1
DA:11,1
DA:14,1
DA:15,1
DA:16,1
DA:17,1
end_of_record
SF:./test/controllers/admin/users_controller_test.rb
DA:1,1
DA:3,1
DA:4,1
DA:5,0
DA:6,0
DA:9,1
DA:10,0
DA:11,0
DA:12,0
DA:15,1
DA:16,0
DA:17,0
DA:20,1
DA:21,0
DA:22,0
DA:23,0
DA:26,1
DA:27,0
DA:28,0
DA:31,1
DA:32,0
DA:33,0
DA:34,0
DA:37,1
DA:38,0
DA:39,0
DA:40,0
DA:41,0
DA:44,1
DA:45,0
DA:46,0
DA:47,0
end_of_record
SF:./test/controllers/api/v1/tasks_controller_test.rb
DA:1,1
DA:3,1
DA:4,1
DA:5,0
DA:6,0
DA:7,0
DA:8,0
DA:11,1
DA:12,0
DA:13,0
DA:16,1
DA:17,0
DA:18,0
DA:19,0
DA:20,0
DA:22,0
DA:23,0
DA:25,0
DA:26,0
DA:28,0
DA:29,0
DA:32,1
DA:33,0
DA:34,0
DA:35,0
DA:36,0
DA:40,0
DA:41,0
DA:43,0
DA:44,0
DA:47,1
DA:48,0
DA:49,0
DA:50,0
DA:51,0
DA:53,0
end_of_record
SF:./test/controllers/api/v1/users_controller_test.rb
DA:1,1
DA:3,1
DA:4,1
DA:5,0
DA:6,0
DA:7,0
DA:10,1
DA:11,0
DA:12,0
end_of_record
SF:./test/controllers/web/application_controller_test.rb
DA:1,1
DA:3,1
end_of_record
SF:./test/controllers/web/boards_controller_test.rb
DA:1,1
DA:3,1
DA:4,1
DA:5,0
DA:6,0
DA:9,1
DA:10,0
DA:11,0
end_of_record
SF:./test/controllers/web/developers_controller_test.rb
DA:1,1
DA:3,1
DA:4,1
DA:5,0
DA:6,0
DA:9,1
DA:10,0
DA:11,0
end_of_record
SF:./test/controllers/web/sessions_controller_test.rb
DA:1,1
DA:3,1
DA:4,1
DA:5,0
DA:6,0
DA:9,1
DA:10,0
DA:11,0
DA:14,0
DA:18,0
DA:19,0
DA:22,1
DA:23,0
DA:24,0
end_of_record
SF:./test/factories/admins.rb
DA:1,1
DA:2,1
DA:3,1
DA:4,1
DA:5,1
DA:6,1
end_of_record
SF:./test/factories/sequence.rb
DA:1,1
DA:2,1
DA:3,0
DA:5,1
DA:6,0
DA:8,1
DA:9,0
end_of_record
SF:./test/factories/tasks.rb
DA:1,1
DA:2,1
DA:3,1
DA:4,1
DA:5,1
DA:6,1
DA:7,1
end_of_record
SF:./test/factories/users.rb
DA:1,1
DA:2,1
DA:3,1
DA:4,1
DA:5,1
DA:6,1
DA:7,1
DA:9,1
DA:10,1
DA:13,1
DA:14,1
end_of_record
SF:./test/models/admin_test.rb
DA:1,1
DA:3,1
DA:4,1
DA:5,0
DA:6,0
end_of_record
SF:./test/models/developer_test.rb
DA:1,1
DA:3,1
DA:4,1
DA:5,0
DA:6,0
end_of_record
SF:./test/models/manager_test.rb
DA:1,1
DA:3,1
DA:4,1
DA:5,0
DA:6,0
end_of_record
SF:./test/models/task_test.rb
DA:1,1
DA:3,1
DA:4,1
DA:5,0
DA:6,0
end_of_record
SF:./test/models/user_test.rb
DA:1,1
DA:3,1
DA:4,1
DA:5,0
DA:6,0
end_of_record
